<?xml version="1.0" encoding="UTF-8"?>
<!-- Generated by org.testng.reporters.JUnitReportReporter -->
<testsuite skipped="0" hostname="LAPTOP-N0G0NBDP" name="appiumScripts.Annotations2" tests="3" failures="0" timestamp="10 Jan 2021 02:47:50 GMT" time="0.027" errors="0">
  <testcase name="homepage" time="0.016" classname="appiumScripts.Annotations2"/>
  <testcase name="createemail" time="0.005" classname="appiumScripts.Annotations2"/>
  <testcase name="deleteemail" time="0.006" classname="appiumScripts.Annotations2"/>
</testsuite> <!-- appiumScripts.Annotations2 -->
