<?xml version="1.0" encoding="UTF-8"?>
<!-- Generated by org.testng.reporters.JUnitReportReporter -->
<testsuite skipped="0" hostname="LAPTOP-N0G0NBDP" name="appiumScripts.Annotations" tests="2" failures="0" timestamp="10 Jan 2021 02:25:56 GMT" time="17.550" errors="0">
  <testcase name="hostelworldTest" time="17.066" classname="appiumScripts.Annotations"/>
  <testcase name="destinationTest" time="0.484" classname="appiumScripts.Annotations"/>
</testsuite> <!-- appiumScripts.Annotations -->
