<?xml version="1.0" encoding="UTF-8"?>
<!-- Generated by org.testng.reporters.JUnitReportReporter -->
<testsuite skipped="0" hostname="LAPTOP-N0G0NBDP" name="appiumScripts.HostelWorldTest" tests="1" failures="0" timestamp="10 Jan 2021 03:09:33 GMT" time="44.660" errors="0">
  <testcase name="setup" time="44.660" classname="appiumScripts.HostelWorldTest"/>
</testsuite> <!-- appiumScripts.HostelWorldTest -->
