<?xml version="1.0" encoding="UTF-8"?>
<!-- Generated by org.testng.reporters.JUnitReportReporter -->
<testsuite skipped="0" hostname="LAPTOP-N0G0NBDP" name="appiumScripts.SwipeTest" tests="1" failures="0" timestamp="09 Jan 2021 13:59:29 GMT" time="26.313" errors="0">
  <testcase name="setup" time="26.313" classname="appiumScripts.SwipeTest"/>
</testsuite> <!-- appiumScripts.SwipeTest -->
